[debug] [2020-04-16T20:36:36.821Z] ----------------------------------------------------------------------
[debug] [2020-04-16T20:36:36.823Z] Command:       /usr/local/bin/node /usr/local/bin/firebase init
[debug] [2020-04-16T20:36:36.823Z] CLI Version:   8.1.0
[debug] [2020-04-16T20:36:36.824Z] Platform:      darwin
[debug] [2020-04-16T20:36:36.824Z] Node Version:  v10.16.3
[debug] [2020-04-16T20:36:36.824Z] Time:          Fri Apr 17 2020 02:06:36 GMT+0530 (India Standard Time)
[debug] [2020-04-16T20:36:36.824Z] ----------------------------------------------------------------------
[debug] [2020-04-16T20:36:36.825Z] 
[debug] [2020-04-16T20:36:36.832Z] > command requires scopes: ["email","openid","https://www.googleapis.com/auth/cloudplatformprojects.readonly","https://www.googleapis.com/auth/firebase","https://www.googleapis.com/auth/cloud-platform"]
[debug] [2020-04-16T20:36:36.832Z] > authorizing via signed-in user
[info] 
     ######## #### ########  ######## ########     ###     ######  ########
     ##        ##  ##     ## ##       ##     ##  ##   ##  ##       ##
     ######    ##  ########  ######   ########  #########  ######  ######
     ##        ##  ##    ##  ##       ##     ## ##     ##       ## ##
     ##       #### ##     ## ######## ########  ##     ##  ######  ########

You're about to initialize a Firebase project in this directory:

  /Users/sakshay/Practice/Frontend/JS Frameworks/angular/e-store

Before we get started, keep in mind:

  * You are initializing in an existing Firebase project directory

[info] 
=== Project Setup
[info] 
[info] First, let's associate this project directory with a Firebase project.
[info] You can create multiple project aliases by running firebase use --add, 
[info] but for now we'll just set up a default project.
[info] 
[info] i  .firebaserc already has a default project, using e-shop-21e79.
[debug] [2020-04-16T20:36:44.248Z] >>> HTTP REQUEST GET https://firebase.googleapis.com/v1beta1/projects/e-shop-21e79  
 
[debug] [2020-04-16T20:36:44.852Z] <<< HTTP RESPONSE 200 {"content-type":"application/json; charset=UTF-8","vary":"X-Origin, Referer, Origin,Accept-Encoding","date":"Thu, 16 Apr 2020 20:36:44 GMT","server":"ESF","cache-control":"private","x-xss-protection":"0","x-frame-options":"SAMEORIGIN","x-content-type-options":"nosniff","alt-svc":"quic=\":443\"; ma=2592000; v=\"46,43\",h3-Q050=\":443\"; ma=2592000,h3-Q049=\":443\"; ma=2592000,h3-Q048=\":443\"; ma=2592000,h3-Q046=\":443\"; ma=2592000,h3-Q043=\":443\"; ma=2592000,h3-T050=\":443\"; ma=2592000","accept-ranges":"none","transfer-encoding":"chunked"}
[info] 
=== Hosting Setup
[info] 
[info] Your public directory is the folder (relative to your project directory) that
[info] will contain Hosting assets to be uploaded with firebase deploy. If you
[info] have a build process for your assets, use your build's output directory.
[info] 
